{"/Users/user/invenco/ts_test/node-jwt-sqlite-typescript-starter/controllers/employees.controller.ts": {"path":"/Users/user/invenco/ts_test/node-jwt-sqlite-typescript-starter/controllers/employees.controller.ts","statementMap":{"0":{"start":{"line":1,"column":0},"end":{"line":1,"column":55}},"1":{"start":{"line":3,"column":0},"end":{"line":3,"column":42}},"2":{"start":{"line":8,"column":22},"end":{"line":8,"column":50}},"3":{"start":{"line":9,"column":4},"end":{"line":9,"column":35}},"4":{"start":{"line":13,"column":21},"end":{"line":13,"column":62}},"5":{"start":{"line":14,"column":4},"end":{"line":16,"column":null}},"6":{"start":{"line":15,"column":6},"end":{"line":15,"column":44}},"7":{"start":{"line":17,"column":4},"end":{"line":17,"column":34}},"8":{"start":{"line":21,"column":4},"end":{"line":26,"column":null}},"9":{"start":{"line":22,"column":25},"end":{"line":23,"column":null}},"10":{"start":{"line":25,"column":6},"end":{"line":25,"column":58}},"11":{"start":{"line":27,"column":24},"end":{"line":30,"column":null}},"12":{"start":{"line":32,"column":20},"end":{"line":32,"column":58}},"13":{"start":{"line":33,"column":4},"end":{"line":33,"column":56}},"14":{"start":{"line":37,"column":4},"end":{"line":40,"column":null}},"15":{"start":{"line":38,"column":25},"end":{"line":38,"column":62}},"16":{"start":{"line":39,"column":6},"end":{"line":39,"column":58}},"17":{"start":{"line":41,"column":20},"end":{"line":41,"column":55}},"18":{"start":{"line":42,"column":4},"end":{"line":42,"column":53}},"19":{"start":{"line":46,"column":4},"end":{"line":49,"column":null}},"20":{"start":{"line":47,"column":25},"end":{"line":47,"column":62}},"21":{"start":{"line":48,"column":6},"end":{"line":48,"column":58}},"22":{"start":{"line":50,"column":20},"end":{"line":50,"column":68}},"23":{"start":{"line":51,"column":4},"end":{"line":51,"column":42}},"24":{"start":{"line":6,"column":0},"end":{"line":6,"column":null}}},"fnMap":{"0":{"name":"(anonymous_8)","decl":{"start":{"line":7,"column":2},"end":{"line":7,"column":8}},"loc":{"start":{"line":7,"column":58},"end":{"line":10,"column":null}}},"1":{"name":"(anonymous_10)","decl":{"start":{"line":12,"column":2},"end":{"line":12,"column":8}},"loc":{"start":{"line":12,"column":58},"end":{"line":18,"column":null}}},"2":{"name":"(anonymous_12)","decl":{"start":{"line":20,"column":2},"end":{"line":20,"column":8}},"loc":{"start":{"line":20,"column":57},"end":{"line":34,"column":null}}},"3":{"name":"(anonymous_14)","decl":{"start":{"line":36,"column":2},"end":{"line":36,"column":8}},"loc":{"start":{"line":36,"column":57},"end":{"line":43,"column":null}}},"4":{"name":"(anonymous_16)","decl":{"start":{"line":45,"column":2},"end":{"line":45,"column":8}},"loc":{"start":{"line":45,"column":57},"end":{"line":52,"column":null}}}},"branchMap":{"0":{"loc":{"start":{"line":14,"column":4},"end":{"line":16,"column":null}},"type":"if","locations":[{"start":{"line":14,"column":4},"end":{"line":16,"column":null}},{"start":{"line":14,"column":4},"end":{"line":16,"column":null}}]},"1":{"loc":{"start":{"line":21,"column":4},"end":{"line":26,"column":null}},"type":"if","locations":[{"start":{"line":21,"column":4},"end":{"line":26,"column":null}},{"start":{"line":21,"column":4},"end":{"line":26,"column":null}}]},"2":{"loc":{"start":{"line":21,"column":8},"end":{"line":21,"column":28}},"type":"binary-expr","locations":[{"start":{"line":21,"column":8},"end":{"line":21,"column":28}},{"start":{"line":21,"column":32},"end":{"line":21,"column":51}},{"start":{"line":21,"column":55},"end":{"line":21,"column":68}}]},"3":{"loc":{"start":{"line":37,"column":4},"end":{"line":40,"column":null}},"type":"if","locations":[{"start":{"line":37,"column":4},"end":{"line":40,"column":null}},{"start":{"line":37,"column":4},"end":{"line":40,"column":null}}]},"4":{"loc":{"start":{"line":46,"column":4},"end":{"line":49,"column":null}},"type":"if","locations":[{"start":{"line":46,"column":4},"end":{"line":49,"column":null}},{"start":{"line":46,"column":4},"end":{"line":49,"column":null}}]}},"s":{"0":1,"1":1,"2":1,"3":1,"4":2,"5":2,"6":1,"7":1,"8":4,"9":3,"10":3,"11":1,"12":1,"13":1,"14":2,"15":1,"16":1,"17":1,"18":1,"19":2,"20":1,"21":1,"22":1,"23":1,"24":1},"f":{"0":1,"1":2,"2":4,"3":2,"4":2},"b":{"0":[1,1],"1":[3,1],"2":[4,3,2],"3":[1,1],"4":[1,1]}}
,"/Users/user/invenco/ts_test/node-jwt-sqlite-typescript-starter/models/employee.ts": {"path":"/Users/user/invenco/ts_test/node-jwt-sqlite-typescript-starter/models/employee.ts","statementMap":{"0":{"start":{"line":3,"column":4},"end":{"line":3,"column":33}},"1":{"start":{"line":4,"column":4},"end":{"line":4,"column":31}},"2":{"start":{"line":5,"column":4},"end":{"line":5,"column":19}},"3":{"start":{"line":1,"column":0},"end":{"line":1,"column":null}}},"fnMap":{"0":{"name":"(anonymous_0)","decl":{"start":{"line":2,"column":2},"end":{"line":2,"column":14}},"loc":{"start":{"line":2,"column":64},"end":{"line":6,"column":3}}}},"branchMap":{},"s":{"0":1,"1":1,"2":1,"3":1},"f":{"0":1},"b":{}}
,"/Users/user/invenco/ts_test/node-jwt-sqlite-typescript-starter/repositories/employee.repository.ts": {"path":"/Users/user/invenco/ts_test/node-jwt-sqlite-typescript-starter/repositories/employee.repository.ts","statementMap":{"0":{"start":{"line":1,"column":0},"end":{"line":1,"column":24}},"1":{"start":{"line":6,"column":22},"end":{"line":6,"column":66}},"2":{"start":{"line":7,"column":4},"end":{"line":7,"column":33}},"3":{"start":{"line":11,"column":21},"end":{"line":13,"column":6}},"4":{"start":{"line":14,"column":4},"end":{"line":14,"column":30}},"5":{"start":{"line":18,"column":17},"end":{"line":18,"column":85}},"6":{"start":{"line":19,"column":4},"end":{"line":31,"column":null}},"7":{"start":{"line":20,"column":6},"end":{"line":24,"column":9}},"8":{"start":{"line":25,"column":6},"end":{"line":25,"column":18}},"9":{"start":{"line":35,"column":17},"end":{"line":35,"column":91}},"10":{"start":{"line":36,"column":4},"end":{"line":49,"column":null}},"11":{"start":{"line":37,"column":6},"end":{"line":42,"column":9}},"12":{"start":{"line":43,"column":6},"end":{"line":43,"column":18}},"13":{"start":{"line":53,"column":17},"end":{"line":53,"column":54}},"14":{"start":{"line":54,"column":4},"end":{"line":62,"column":null}},"15":{"start":{"line":55,"column":6},"end":{"line":55,"column":40}},"16":{"start":{"line":56,"column":6},"end":{"line":56,"column":18}},"17":{"start":{"line":4,"column":0},"end":{"line":4,"column":null}}},"fnMap":{"0":{"name":"(anonymous_8)","decl":{"start":{"line":5,"column":2},"end":{"line":5,"column":8}},"loc":{"start":{"line":5,"column":30},"end":{"line":8,"column":null}}},"1":{"name":"(anonymous_10)","decl":{"start":{"line":10,"column":2},"end":{"line":10,"column":8}},"loc":{"start":{"line":10,"column":41},"end":{"line":15,"column":null}}},"2":{"name":"(anonymous_12)","decl":{"start":{"line":17,"column":2},"end":{"line":17,"column":8}},"loc":{"start":{"line":17,"column":48},"end":{"line":32,"column":null}}},"3":{"name":"(anonymous_14)","decl":{"start":{"line":34,"column":2},"end":{"line":34,"column":8}},"loc":{"start":{"line":34,"column":48},"end":{"line":50,"column":null}}},"4":{"name":"(anonymous_16)","decl":{"start":{"line":52,"column":2},"end":{"line":52,"column":8}},"loc":{"start":{"line":52,"column":48},"end":{"line":63,"column":null}}}},"branchMap":{},"s":{"0":1,"1":1,"2":1,"3":2,"4":2,"5":1,"6":1,"7":1,"8":1,"9":1,"10":1,"11":1,"12":1,"13":1,"14":1,"15":1,"16":1,"17":1},"f":{"0":1,"1":2,"2":1,"3":1,"4":1},"b":{}}
}
