TN:
SF:controllers/employees.controller.ts
FN:7,(anonymous_8)
FN:12,(anonymous_10)
FN:20,(anonymous_12)
FN:36,(anonymous_14)
FN:45,(anonymous_16)
FNF:5
FNH:5
FNDA:1,(anonymous_8)
FNDA:2,(anonymous_10)
FNDA:4,(anonymous_12)
FNDA:2,(anonymous_14)
FNDA:2,(anonymous_16)
DA:1,1
DA:3,1
DA:6,1
DA:8,1
DA:9,1
DA:13,2
DA:14,2
DA:15,1
DA:17,1
DA:21,4
DA:22,3
DA:25,3
DA:27,1
DA:32,1
DA:33,1
DA:37,2
DA:38,1
DA:39,1
DA:41,1
DA:42,1
DA:46,2
DA:47,1
DA:48,1
DA:50,1
DA:51,1
LF:25
LH:25
BRDA:14,0,0,1
BRDA:14,0,1,1
BRDA:21,1,0,3
BRDA:21,1,1,1
BRDA:21,2,0,4
BRDA:21,2,1,3
BRDA:21,2,2,2
BRDA:37,3,0,1
BRDA:37,3,1,1
BRDA:46,4,0,1
BRDA:46,4,1,1
BRF:11
BRH:11
end_of_record
TN:
SF:models/employee.ts
FN:2,(anonymous_0)
FNF:1
FNH:1
FNDA:1,(anonymous_0)
DA:1,1
DA:3,1
DA:4,1
DA:5,1
LF:4
LH:4
BRF:0
BRH:0
end_of_record
TN:
SF:repositories/employee.repository.ts
FN:5,(anonymous_8)
FN:10,(anonymous_10)
FN:17,(anonymous_12)
FN:34,(anonymous_14)
FN:52,(anonymous_16)
FNF:5
FNH:5
FNDA:1,(anonymous_8)
FNDA:2,(anonymous_10)
FNDA:1,(anonymous_12)
FNDA:1,(anonymous_14)
FNDA:1,(anonymous_16)
DA:1,1
DA:4,1
DA:6,1
DA:7,1
DA:11,2
DA:14,2
DA:18,1
DA:19,1
DA:20,1
DA:25,1
DA:35,1
DA:36,1
DA:37,1
DA:43,1
DA:53,1
DA:54,1
DA:55,1
DA:56,1
LF:18
LH:18
BRF:0
BRH:0
end_of_record
